{
  "RSpec": {
    "coverage": {
      "/home/user/kursach/kursach/app/helpers/documents_helper.rb": {
        "lines": [
          1,
          null
        ]
      },
      "/home/user/kursach/kursach/app/helpers/practices_helper.rb": {
        "lines": [
          1,
          null
        ]
      },
      "/home/user/kursach/kursach/app/helpers/search_helper.rb": {
        "lines": [
          1,
          null
        ]
      },
      "/home/user/kursach/kursach/app/helpers/students_helper.rb": {
        "lines": [
          1,
          null
        ]
      },
      "/home/user/kursach/kursach/app/helpers/teachers_helper.rb": {
        "lines": [
          1,
          null
        ]
      },
      "/home/user/kursach/kursach/app/controllers/accounts_controller.rb": {
        "lines": [
          1,
          1,
          null,
          null,
          1,
          2,
          null,
          2,
          4,
          0,
          null,
          4,
          null,
          null,
          null,
          2,
          null,
          null,
          null,
          1,
          2,
          0,
          0,
          null,
          null,
          null,
          null,
          null,
          0,
          null,
          null,
          null,
          null,
          null,
          null,
          2,
          null,
          null,
          null,
          null,
          null,
          null,
          null,
          null,
          1,
          4,
          4,
          3,
          1,
          2,
          1,
          null,
          1,
          null,
          null,
          null,
          4,
          3,
          3,
          null,
          1,
          null,
          null,
          null,
          null,
          1,
          2,
          1,
          null,
          1,
          null,
          null,
          null,
          null,
          1,
          1,
          1,
          null,
          null,
          1,
          null,
          1,
          5,
          null,
          null,
          null,
          1,
          6,
          null,
          null
        ]
      },
      "/home/user/kursach/kursach/app/controllers/application_controller.rb": {
        "lines": [
          1,
          1,
          null
        ]
      },
      "/home/user/kursach/kursach/app/models/account.rb": {
        "lines": [
          1,
          1,
          1,
          1,
          null,
          1,
          null,
          1,
          1,
          1,
          null,
          1,
          null
        ]
      },
      "/home/user/kursach/kursach/app/models/application_record.rb": {
        "lines": [
          1,
          1,
          null
        ]
      },
      "/home/user/kursach/kursach/app/models/teacher.rb": {
        "lines": [
          1,
          1,
          1,
          null,
          1,
          null
        ]
      },
      "/home/user/kursach/kursach/app/models/student.rb": {
        "lines": [
          1,
          1,
          1,
          1,
          1,
          1,
          null,
          1,
          null
        ]
      },
      "/home/user/kursach/kursach/app/models/practice.rb": {
        "lines": [
          1,
          1,
          null,
          1,
          null
        ]
      },
      "/home/user/kursach/kursach/app/controllers/documents_controller.rb": {
        "lines": [
          1,
          1,
          null,
          null,
          1,
          2,
          null,
          2,
          4,
          null,
          null,
          2,
          null,
          null,
          null,
          1,
          2,
          0,
          null,
          null,
          null,
          null,
          2,
          null,
          null,
          null,
          null,
          null,
          null,
          null,
          1,
          2,
          2,
          2,
          null,
          2,
          1,
          0,
          0,
          null,
          null,
          null,
          2,
          1,
          null,
          1,
          null,
          null,
          null,
          null,
          1,
          2,
          2,
          2,
          2,
          null,
          2,
          1,
          null,
          1,
          null,
          null,
          null,
          null,
          1,
          1,
          null,
          null,
          1,
          null,
          1,
          5,
          null,
          null,
          null,
          1,
          4,
          null,
          null
        ]
      },
      "/home/user/kursach/kursach/app/models/document.rb": {
        "lines": [
          1,
          1,
          1,
          null,
          1,
          null
        ]
      },
      "/home/user/kursach/kursach/app/models/organization.rb": {
        "lines": [
          1,
          1,
          null,
          1,
          1,
          null
        ]
      },
      "/home/user/kursach/kursach/app/controllers/organizations_controller.rb": {
        "lines": [
          1,
          1,
          null,
          null,
          1,
          2,
          null,
          2,
          null,
          null,
          null,
          1,
          2,
          null,
          null,
          null,
          1,
          2,
          null,
          2,
          1,
          null,
          1,
          null,
          null,
          null,
          null,
          1,
          2,
          1,
          null,
          1,
          null,
          null,
          null,
          null,
          1,
          1,
          null,
          null,
          1,
          1,
          1,
          1,
          null,
          1,
          1,
          null,
          1,
          null,
          null,
          1,
          1,
          1,
          1,
          1,
          1,
          null,
          null,
          1,
          1,
          null,
          null,
          1,
          null,
          null,
          null,
          null,
          1,
          null,
          1,
          5,
          null,
          null,
          null,
          1,
          4,
          null,
          null
        ]
      },
      "/home/user/kursach/kursach/app/controllers/search_controller.rb": {
        "lines": [
          1,
          1,
          2,
          null,
          2,
          null,
          null,
          1,
          2,
          null,
          2,
          null,
          null,
          1,
          2,
          null,
          2,
          null,
          null
        ]
      },
      "/home/user/kursach/kursach/app/controllers/practices_controller.rb": {
        "lines": [
          1,
          1,
          null,
          null,
          1,
          2,
          null,
          2,
          2,
          1,
          null,
          2,
          null,
          2,
          null,
          null,
          null,
          null,
          null,
          1,
          2,
          null,
          null,
          null,
          null,
          null,
          null,
          1,
          2,
          2,
          2,
          null,
          2,
          1,
          null,
          1,
          null,
          null,
          null,
          null,
          1,
          2,
          1,
          1,
          1,
          1,
          null,
          1,
          null,
          null,
          null,
          null,
          1,
          1,
          null,
          null,
          1,
          1,
          1,
          1,
          1,
          1,
          1,
          1,
          1,
          3,
          3,
          3,
          1,
          2,
          1,
          1,
          1,
          null,
          null,
          null,
          1,
          null,
          1,
          1,
          null,
          1,
          null,
          1,
          1,
          1,
          1,
          1,
          1,
          1,
          1,
          3,
          3,
          3,
          1,
          2,
          1,
          1,
          1,
          null,
          null,
          null,
          null,
          1,
          1,
          1,
          1,
          1,
          null,
          null,
          1,
          30,
          30,
          30,
          30,
          30,
          30,
          null,
          null,
          null,
          1,
          1,
          1,
          1,
          1,
          null,
          null,
          1,
          1,
          null,
          null,
          1,
          null,
          null,
          null,
          null,
          1,
          2,
          2,
          2,
          2,
          3,
          3,
          null,
          null,
          2,
          2,
          6,
          null,
          null,
          2,
          2,
          3,
          null,
          2,
          2,
          2,
          null,
          null,
          2,
          1,
          null,
          1,
          null,
          1,
          1,
          2,
          4,
          2,
          null,
          1,
          1,
          1,
          0,
          0,
          0,
          0,
          0,
          null,
          null,
          null,
          1,
          null,
          null,
          null,
          1,
          null,
          1,
          5,
          null,
          null,
          null,
          1,
          4,
          null,
          null
        ]
      },
      "/home/user/kursach/kursach/app/controllers/sessions_controller.rb": {
        "lines": [
          1,
          1,
          null,
          1,
          6,
          6,
          5,
          5,
          null,
          null,
          null,
          null,
          null,
          1,
          null,
          null,
          null,
          1,
          2,
          1,
          null,
          null,
          null,
          null,
          1,
          null,
          null,
          null,
          null,
          null,
          1,
          1,
          1,
          null,
          null,
          null,
          null,
          null,
          1,
          12,
          null,
          null
        ]
      },
      "/home/user/kursach/kursach/app/controllers/concerns/current_user_concern.rb": {
        "lines": [
          1,
          1,
          null,
          1,
          2,
          null,
          null,
          1,
          18,
          4,
          null,
          null,
          null
        ]
      },
      "/home/user/kursach/kursach/app/controllers/students_controller.rb": {
        "lines": [
          1,
          1,
          null,
          1,
          null,
          null,
          1,
          2,
          null,
          2,
          null,
          null,
          null,
          1,
          2,
          null,
          null,
          null,
          1,
          2,
          2,
          null,
          2,
          1,
          null,
          1,
          null,
          null,
          null,
          null,
          1,
          2,
          1,
          null,
          1,
          null,
          null,
          null,
          null,
          1,
          1,
          null,
          null,
          1,
          null,
          1,
          5,
          null,
          null,
          null,
          1,
          4,
          null,
          null
        ]
      },
      "/home/user/kursach/kursach/app/controllers/teachers_controller.rb": {
        "lines": [
          1,
          1,
          null,
          null,
          1,
          2,
          null,
          2,
          null,
          null,
          null,
          1,
          2,
          null,
          null,
          null,
          1,
          2,
          null,
          2,
          1,
          null,
          1,
          null,
          null,
          null,
          null,
          1,
          2,
          1,
          null,
          1,
          null,
          null,
          null,
          null,
          1,
          1,
          null,
          null,
          1,
          null,
          1,
          5,
          null,
          null,
          null,
          1,
          4,
          null,
          null
        ]
      },
      "/home/user/kursach/kursach/app/channels/application_cable/channel.rb": {
        "lines": [
          0,
          0,
          0,
          0
        ],
        "branches": {
        }
      },
      "/home/user/kursach/kursach/app/channels/application_cable/connection.rb": {
        "lines": [
          0,
          0,
          0,
          0
        ],
        "branches": {
        }
      },
      "/home/user/kursach/kursach/app/jobs/application_job.rb": {
        "lines": [
          0,
          null,
          null,
          null,
          null,
          null,
          0
        ],
        "branches": {
        }
      },
      "/home/user/kursach/kursach/app/mailers/application_mailer.rb": {
        "lines": [
          0,
          0,
          0,
          0
        ],
        "branches": {
        }
      }
    },
    "timestamp": 1709044409
  }
}
